{
  "RSpec": {
    "coverage": {
      "/home/artificial-scope-1377/tic-tac-toe-rb-online-web-sp-000/lib/tic_tac_toe.rb": [
        null,
        null,
        1,
        null,
        null,
        null,
        null,
        null,
        null,
        null,
        null,
        null,
        null,
        1,
        6,
        6,
        6,
        6,
        null,
        6,
        6,
        6,
        6,
        6,
        null,
        null,
        null,
        null,
        1,
        8,
        8,
        null,
        null,
        null,
        1,
        7,
        7,
        null,
        null,
        null,
        1,
        12,
        9,
        3,
        3,
        null,
        null,
        null,
        null,
        null,
        1,
        8,
        5,
        null,
        3,
        null,
        null,
        null,
        null,
        1,
        5,
        5,
        5,
        5,
        null,
        5,
        4,
        4,
        null,
        1,
        1,
        null,
        null,
        null,
        null,
        1,
        6,
        6,
        54,
        5,
        null,
        null,
        6,
        null,
        null,
        null,
        1,
        5,
        null,
        null,
        null,
        1,
        null,
        13,
        null,
        82,
        145,
        null,
        null,
        82,
        5,
        null,
        null,
        77,
        105,
        null,
        null,
        77,
        2,
        null,
        null,
        null,
        null,
        null,
        null,
        null,
        null,
        1,
        62,
        null,
        null,
        null,
        null,
        1,
        null,
        7,
        4,
        3,
        null,
        1,
        null,
        null,
        3,
        null,
        null,
        null,
        null,
        null,
        1,
        null,
        3,
        2,
        null,
        1,
        null,
        null,
        null,
        null,
        null,
        1,
        null,
        3,
        2,
        2,
        1,
        1,
        1,
        null,
        null,
        null,
        null,
        null,
        null,
        1,
        2,
        2,
        null
      ]
    },
    "timestamp": 1584489066
  }
}
