{
  "RSpec": {
    "coverage": {
      "/home/artificial-scope-1377/tic-tac-toe-rb-online-web-sp-000/lib/tic_tac_toe.rb": [
        null,
        null,
        1,
        null,
        null,
        null,
        null,
        null,
        null,
        null,
        null,
        null,
        null,
        1,
        13,
        13,
        13,
        13,
        null,
        13,
        13,
        13,
        13,
        13,
        null,
        null,
        null,
        null,
        1,
        15,
        15,
        null,
        null,
        null,
        1,
        14,
        14,
        null,
        null,
        null,
        1,
        19,
        16,
        3,
        3,
        null,
        null,
        null,
        null,
        null,
        1,
        15,
        12,
        null,
        3,
        null,
        null,
        null,
        null,
        1,
        12,
        12,
        12,
        12,
        null,
        12,
        11,
        11,
        null,
        1,
        1,
        null,
        null,
        null,
        null,
        1,
        13,
        13,
        117,
        10,
        null,
        null,
        13,
        null,
        null,
        null,
        1,
        12,
        null,
        null,
        null,
        1,
        null,
        32,
        null,
        164,
        273,
        null,
        null,
        164,
        15,
        null,
        null,
        149,
        182,
        null,
        null,
        149,
        2,
        null,
        null,
        null,
        null,
        null,
        null,
        null,
        null,
        1,
        82,
        null,
        null,
        null,
        null,
        1,
        null,
        11,
        4,
        3,
        null,
        1,
        null,
        null,
        7,
        null,
        null,
        null,
        null,
        null,
        1,
        null,
        13,
        10,
        null,
        3,
        null,
        null,
        null,
        null,
        null,
        1,
        null,
        5,
        4,
        4,
        3,
        1,
        1,
        null,
        null,
        null,
        null,
        null,
        null,
        1,
        null,
        8,
        9,
        null,
        null,
        8,
        8,
        3,
        3,
        5,
        1,
        null,
        null,
        null,
        null
      ]
    },
    "timestamp": 1584489680
  }
}
